
**** Build of configuration Debug for project Escenario_1_Core1 ****

make all 
'Building file: ../system/startup_ldf/app_cplbtab.c'
'Invoking: CrossCore Blackfin C/C++ Compiler'
ccblkfn.exe -c -file-attr ProjectName="Escenario_1_Core1" -proc ADSP-BF609 -flags-compiler --no_wrap_diagnostics -si-revision 0.0 -g -DCORE1 -D_DEBUG -DADI_MCAPI -I"C:\Users\Usuario\Music\PG\Demo_1\Escenario_1_Core1\system" -I"C:/Analog Devices/SoftwareModules/Graphics2D_OGL-BF-Rel3.4.0/Include" -I"C:/Analog Devices/SoftwareModules/VisionAnalyticsToolbox-BF-Rel2.4.0/include" -I"C:\Analog Devices\CrossCore Embedded Studio 1.0.2/Blackfin/lib/src/drivers/source/device_class" -I"C:/Analog Devices/SoftwareModules/ImageProcessingToolbox-BF-Rel2.3.0/Include" -I"C:/Analog Devices/Video_Encoder_EI3_Extender_Board-Rel1.0.1/Video_Encoder_EI3/Blackfin/include" -I"C:/Analog Devices/Camera_EI3_Extender_Board-Rel1.0.1/Camera_EI3/Blackfin/include" -structs-do-not-overlap -no-multiline -warn-protos -double-size-32 -decls-strong -cplbs -gnu-style-dependencies -MD -Mo "system/startup_ldf/app_cplbtab.d" -o "system/startup_ldf/app_cplbtab.doj" "../system/startup_ldf/app_cplbtab.c"
'Finished building: ../system/startup_ldf/app_cplbtab.c'
' '
'Building file: ../system/startup_ldf/app_handler_table.c'
'Invoking: CrossCore Blackfin C/C++ Compiler'
ccblkfn.exe -c -file-attr ProjectName="Escenario_1_Core1" -proc ADSP-BF609 -flags-compiler --no_wrap_diagnostics -si-revision 0.0 -g -DCORE1 -D_DEBUG -DADI_MCAPI -I"C:\Users\Usuario\Music\PG\Demo_1\Escenario_1_Core1\system" -I"C:/Analog Devices/SoftwareModules/Graphics2D_OGL-BF-Rel3.4.0/Include" -I"C:/Analog Devices/SoftwareModules/VisionAnalyticsToolbox-BF-Rel2.4.0/include" -I"C:\Analog Devices\CrossCore Embedded Studio 1.0.2/Blackfin/lib/src/drivers/source/device_class" -I"C:/Analog Devices/SoftwareModules/ImageProcessingToolbox-BF-Rel2.3.0/Include" -I"C:/Analog Devices/Video_Encoder_EI3_Extender_Board-Rel1.0.1/Video_Encoder_EI3/Blackfin/include" -I"C:/Analog Devices/Camera_EI3_Extender_Board-Rel1.0.1/Camera_EI3/Blackfin/include" -structs-do-not-overlap -no-multiline -warn-protos -double-size-32 -decls-strong -cplbs -gnu-style-dependencies -MD -Mo "system/startup_ldf/app_handler_table.d" -o "system/startup_ldf/app_handler_table.doj" "../system/startup_ldf/app_handler_table.c"
'Finished building: ../system/startup_ldf/app_handler_table.c'
' '
'Building file: ../system/startup_ldf/app_heaptab.c'
'Invoking: CrossCore Blackfin C/C++ Compiler'
ccblkfn.exe -c -file-attr ProjectName="Escenario_1_Core1" -proc ADSP-BF609 -flags-compiler --no_wrap_diagnostics -si-revision 0.0 -g -DCORE1 -D_DEBUG -DADI_MCAPI -I"C:\Users\Usuario\Music\PG\Demo_1\Escenario_1_Core1\system" -I"C:/Analog Devices/SoftwareModules/Graphics2D_OGL-BF-Rel3.4.0/Include" -I"C:/Analog Devices/SoftwareModules/VisionAnalyticsToolbox-BF-Rel2.4.0/include" -I"C:\Analog Devices\CrossCore Embedded Studio 1.0.2/Blackfin/lib/src/drivers/source/device_class" -I"C:/Analog Devices/SoftwareModules/ImageProcessingToolbox-BF-Rel2.3.0/Include" -I"C:/Analog Devices/Video_Encoder_EI3_Extender_Board-Rel1.0.1/Video_Encoder_EI3/Blackfin/include" -I"C:/Analog Devices/Camera_EI3_Extender_Board-Rel1.0.1/Camera_EI3/Blackfin/include" -structs-do-not-overlap -no-multiline -warn-protos -double-size-32 -decls-strong -cplbs -gnu-style-dependencies -MD -Mo "system/startup_ldf/app_heaptab.d" -o "system/startup_ldf/app_heaptab.doj" "../system/startup_ldf/app_heaptab.c"
'Finished building: ../system/startup_ldf/app_heaptab.c'
' '
'Building file: ../system/startup_ldf/app_startup.s'
'Invoking: CrossCore Blackfin Assembler'
easmblkfn.exe -file-attr ProjectName="Escenario_1_Core1" -proc ADSP-BF609 -si-revision 0.0 -g -DCORE1 -D_DEBUG -DADI_MCAPI -i"C:\Users\Usuario\Music\PG\Demo_1\Escenario_1_Core1\system" -i"C:/Analog Devices/SoftwareModules/ImageProcessingToolbox-BF-Rel2.3.0/Include" -i"C:/Analog Devices/Video_Encoder_EI3_Extender_Board-Rel1.0.1/Video_Encoder_EI3/Blackfin/include" -gnu-style-dependencies -MM -Mo "system/startup_ldf/app_startup.d" -o "system/startup_ldf/app_startup.doj" "../system/startup_ldf/app_startup.s"
'Finished building: ../system/startup_ldf/app_startup.s'
' '
'Building file: ../system/pinmux/GeneratedSources/pinmux_config.c'
'Invoking: CrossCore Blackfin C/C++ Compiler'
ccblkfn.exe -c -file-attr ProjectName="Escenario_1_Core1" -proc ADSP-BF609 -flags-compiler --no_wrap_diagnostics -si-revision 0.0 -g -DCORE1 -D_DEBUG -DADI_MCAPI -I"C:\Users\Usuario\Music\PG\Demo_1\Escenario_1_Core1\system" -I"C:/Analog Devices/SoftwareModules/Graphics2D_OGL-BF-Rel3.4.0/Include" -I"C:/Analog Devices/SoftwareModules/VisionAnalyticsToolbox-BF-Rel2.4.0/include" -I"C:\Analog Devices\CrossCore Embedded Studio 1.0.2/Blackfin/lib/src/drivers/source/device_class" -I"C:/Analog Devices/SoftwareModules/ImageProcessingToolbox-BF-Rel2.3.0/Include" -I"C:/Analog Devices/Video_Encoder_EI3_Extender_Board-Rel1.0.1/Video_Encoder_EI3/Blackfin/include" -I"C:/Analog Devices/Camera_EI3_Extender_Board-Rel1.0.1/Camera_EI3/Blackfin/include" -structs-do-not-overlap -no-multiline -warn-protos -double-size-32 -decls-strong -cplbs -gnu-style-dependencies -MD -Mo "system/pinmux/GeneratedSources/pinmux_config.d" -o "system/pinmux/GeneratedSources/pinmux_config.doj" "../system/pinmux/GeneratedSources/pinmux_config.c"
'Finished building: ../system/pinmux/GeneratedSources/pinmux_config.c'
' '
'Building file: ../system/mcapi/GeneratedSources/mcapi_config.c'
'Invoking: CrossCore Blackfin C/C++ Compiler'
ccblkfn.exe -c -file-attr ProjectName="Escenario_1_Core1" -proc ADSP-BF609 -flags-compiler --no_wrap_diagnostics -si-revision 0.0 -g -DCORE1 -D_DEBUG -DADI_MCAPI -I"C:\Users\Usuario\Music\PG\Demo_1\Escenario_1_Core1\system" -I"C:/Analog Devices/SoftwareModules/Graphics2D_OGL-BF-Rel3.4.0/Include" -I"C:/Analog Devices/SoftwareModules/VisionAnalyticsToolbox-BF-Rel2.4.0/include" -I"C:\Analog Devices\CrossCore Embedded Studio 1.0.2/Blackfin/lib/src/drivers/source/device_class" -I"C:/Analog Devices/SoftwareModules/ImageProcessingToolbox-BF-Rel2.3.0/Include" -I"C:/Analog Devices/Video_Encoder_EI3_Extender_Board-Rel1.0.1/Video_Encoder_EI3/Blackfin/include" -I"C:/Analog Devices/Camera_EI3_Extender_Board-Rel1.0.1/Camera_EI3/Blackfin/include" -structs-do-not-overlap -no-multiline -warn-protos -double-size-32 -decls-strong -cplbs -gnu-style-dependencies -MD -Mo "system/mcapi/GeneratedSources/mcapi_config.d" -o "system/mcapi/GeneratedSources/mcapi_config.doj" "../system/mcapi/GeneratedSources/mcapi_config.c"
'Finished building: ../system/mcapi/GeneratedSources/mcapi_config.c'
' '
'Building file: C:/Analog Devices/CrossCore Embedded Studio 1.0.2/Blackfin/lib/src/drivers/source/device_class/video/queue_mgr/adi_dev_video_queue.c'
'Invoking: CrossCore Blackfin C/C++ Compiler'
ccblkfn.exe -c -file-attr ProjectName="Escenario_1_Core1" -proc ADSP-BF609 -flags-compiler --no_wrap_diagnostics -si-revision 0.0 -g -DCORE1 -D_DEBUG -DADI_MCAPI -I"C:\Users\Usuario\Music\PG\Demo_1\Escenario_1_Core1\system" -I"C:/Analog Devices/SoftwareModules/Graphics2D_OGL-BF-Rel3.4.0/Include" -I"C:/Analog Devices/SoftwareModules/VisionAnalyticsToolbox-BF-Rel2.4.0/include" -I"C:\Analog Devices\CrossCore Embedded Studio 1.0.2/Blackfin/lib/src/drivers/source/device_class" -I"C:/Analog Devices/SoftwareModules/ImageProcessingToolbox-BF-Rel2.3.0/Include" -I"C:/Analog Devices/Video_Encoder_EI3_Extender_Board-Rel1.0.1/Video_Encoder_EI3/Blackfin/include" -I"C:/Analog Devices/Camera_EI3_Extender_Board-Rel1.0.1/Camera_EI3/Blackfin/include" -structs-do-not-overlap -no-multiline -warn-protos -double-size-32 -decls-strong -cplbs -gnu-style-dependencies -MD -Mo "system/drivers/device_class/video/queue_mgr/adi_dev_video_queue.d" -o "system/drivers/device_class/video/queue_mgr/adi_dev_video_queue.doj" "C:/Analog Devices/CrossCore Embedded Studio 1.0.2/Blackfin/lib/src/drivers/source/device_class/video/queue_mgr/adi_dev_video_queue.c"
'Finished building: C:/Analog Devices/CrossCore Embedded Studio 1.0.2/Blackfin/lib/src/drivers/source/device_class/video/queue_mgr/adi_dev_video_queue.c'
' '
'Building file: C:/Analog Devices/CrossCore Embedded Studio 1.0.2/Blackfin/lib/src/drivers/source/device_class/video/adi_dev_video_manager.c'
'Invoking: CrossCore Blackfin C/C++ Compiler'
ccblkfn.exe -c -file-attr ProjectName="Escenario_1_Core1" -proc ADSP-BF609 -flags-compiler --no_wrap_diagnostics -si-revision 0.0 -g -DCORE1 -D_DEBUG -DADI_MCAPI -I"C:\Users\Usuario\Music\PG\Demo_1\Escenario_1_Core1\system" -I"C:/Analog Devices/SoftwareModules/Graphics2D_OGL-BF-Rel3.4.0/Include" -I"C:/Analog Devices/SoftwareModules/VisionAnalyticsToolbox-BF-Rel2.4.0/include" -I"C:\Analog Devices\CrossCore Embedded Studio 1.0.2/Blackfin/lib/src/drivers/source/device_class" -I"C:/Analog Devices/SoftwareModules/ImageProcessingToolbox-BF-Rel2.3.0/Include" -I"C:/Analog Devices/Video_Encoder_EI3_Extender_Board-Rel1.0.1/Video_Encoder_EI3/Blackfin/include" -I"C:/Analog Devices/Camera_EI3_Extender_Board-Rel1.0.1/Camera_EI3/Blackfin/include" -structs-do-not-overlap -no-multiline -warn-protos -double-size-32 -decls-strong -cplbs -gnu-style-dependencies -MD -Mo "system/drivers/device_class/video/adi_dev_video_manager.d" -o "system/drivers/device_class/video/adi_dev_video_manager.doj" "C:/Analog Devices/CrossCore Embedded Studio 1.0.2/Blackfin/lib/src/drivers/source/device_class/video/adi_dev_video_manager.c"
'Finished building: C:/Analog Devices/CrossCore Embedded Studio 1.0.2/Blackfin/lib/src/drivers/source/device_class/video/adi_dev_video_manager.c'
' '
'Building file: C:/Analog Devices/CrossCore Embedded Studio 1.0.2/Blackfin/lib/src/drivers/source/device_class/adi_dev_class.c'
'Invoking: CrossCore Blackfin C/C++ Compiler'
ccblkfn.exe -c -file-attr ProjectName="Escenario_1_Core1" -proc ADSP-BF609 -flags-compiler --no_wrap_diagnostics -si-revision 0.0 -g -DCORE1 -D_DEBUG -DADI_MCAPI -I"C:\Users\Usuario\Music\PG\Demo_1\Escenario_1_Core1\system" -I"C:/Analog Devices/SoftwareModules/Graphics2D_OGL-BF-Rel3.4.0/Include" -I"C:/Analog Devices/SoftwareModules/VisionAnalyticsToolbox-BF-Rel2.4.0/include" -I"C:\Analog Devices\CrossCore Embedded Studio 1.0.2/Blackfin/lib/src/drivers/source/device_class" -I"C:/Analog Devices/SoftwareModules/ImageProcessingToolbox-BF-Rel2.3.0/Include" -I"C:/Analog Devices/Video_Encoder_EI3_Extender_Board-Rel1.0.1/Video_Encoder_EI3/Blackfin/include" -I"C:/Analog Devices/Camera_EI3_Extender_Board-Rel1.0.1/Camera_EI3/Blackfin/include" -structs-do-not-overlap -no-multiline -warn-protos -double-size-32 -decls-strong -cplbs -gnu-style-dependencies -MD -Mo "system/drivers/device_class/adi_dev_class.d" -o "system/drivers/device_class/adi_dev_class.doj" "C:/Analog Devices/CrossCore Embedded Studio 1.0.2/Blackfin/lib/src/drivers/source/device_class/adi_dev_class.c"
'Finished building: C:/Analog Devices/CrossCore Embedded Studio 1.0.2/Blackfin/lib/src/drivers/source/device_class/adi_dev_class.c'
' '
'Building file: C:/Analog Devices/Video_Encoder_EI3_Extender_Board-Rel1.0.1/Video_Encoder_EI3/Blackfin/src/drivers/encoder/adv7511/adi_adv7511.c'
'Invoking: CrossCore Blackfin C/C++ Compiler'
ccblkfn.exe -c -file-attr ProjectName="Escenario_1_Core1" -proc ADSP-BF609 -flags-compiler --no_wrap_diagnostics -si-revision 0.0 -g -DCORE1 -D_DEBUG -DADI_MCAPI -I"C:\Users\Usuario\Music\PG\Demo_1\Escenario_1_Core1\system" -I"C:/Analog Devices/SoftwareModules/Graphics2D_OGL-BF-Rel3.4.0/Include" -I"C:/Analog Devices/SoftwareModules/VisionAnalyticsToolbox-BF-Rel2.4.0/include" -I"C:\Analog Devices\CrossCore Embedded Studio 1.0.2/Blackfin/lib/src/drivers/source/device_class" -I"C:/Analog Devices/SoftwareModules/ImageProcessingToolbox-BF-Rel2.3.0/Include" -I"C:/Analog Devices/Video_Encoder_EI3_Extender_Board-Rel1.0.1/Video_Encoder_EI3/Blackfin/include" -I"C:/Analog Devices/Camera_EI3_Extender_Board-Rel1.0.1/Camera_EI3/Blackfin/include" -structs-do-not-overlap -no-multiline -warn-protos -double-size-32 -decls-strong -cplbs -gnu-style-dependencies -MD -Mo "system/Video_Encoder_EI3/Blackfin/src/drivers/encoder/adv7511/adi_adv7511.d" -o "system/Video_Encoder_EI3/Blackfin/src/drivers/encoder/adv7511/adi_adv7511.doj" "C:/Analog Devices/Video_Encoder_EI3_Extender_Board-Rel1.0.1/Video_Encoder_EI3/Blackfin/src/drivers/encoder/adv7511/adi_adv7511.c"
'Finished building: C:/Analog Devices/Video_Encoder_EI3_Extender_Board-Rel1.0.1/Video_Encoder_EI3/Blackfin/src/drivers/encoder/adv7511/adi_adv7511.c'
' '
'Building file: C:/Analog Devices/Camera_EI3_Extender_Board-Rel1.0.1/Camera_EI3/Blackfin/src/drivers/sensor/aptina/mt9m114/adi_mt9m114.c'
'Invoking: CrossCore Blackfin C/C++ Compiler'
ccblkfn.exe -c -file-attr ProjectName="Escenario_1_Core1" -proc ADSP-BF609 -flags-compiler --no_wrap_diagnostics -si-revision 0.0 -g -DCORE1 -D_DEBUG -DADI_MCAPI -I"C:\Users\Usuario\Music\PG\Demo_1\Escenario_1_Core1\system" -I"C:/Analog Devices/SoftwareModules/Graphics2D_OGL-BF-Rel3.4.0/Include" -I"C:/Analog Devices/SoftwareModules/VisionAnalyticsToolbox-BF-Rel2.4.0/include" -I"C:\Analog Devices\CrossCore Embedded Studio 1.0.2/Blackfin/lib/src/drivers/source/device_class" -I"C:/Analog Devices/SoftwareModules/ImageProcessingToolbox-BF-Rel2.3.0/Include" -I"C:/Analog Devices/Video_Encoder_EI3_Extender_Board-Rel1.0.1/Video_Encoder_EI3/Blackfin/include" -I"C:/Analog Devices/Camera_EI3_Extender_Board-Rel1.0.1/Camera_EI3/Blackfin/include" -structs-do-not-overlap -no-multiline -warn-protos -double-size-32 -decls-strong -cplbs -gnu-style-dependencies -MD -Mo "system/Camera_EI3/drivers/sensor/aptina/mt9m114/adi_mt9m114.d" -o "system/Camera_EI3/drivers/sensor/aptina/mt9m114/adi_mt9m114.doj" "C:/Analog Devices/Camera_EI3_Extender_Board-Rel1.0.1/Camera_EI3/Blackfin/src/drivers/sensor/aptina/mt9m114/adi_mt9m114.c"
'Finished building: C:/Analog Devices/Camera_EI3_Extender_Board-Rel1.0.1/Camera_EI3/Blackfin/src/drivers/sensor/aptina/mt9m114/adi_mt9m114.c'
' '
'Building file: ../system/adi_initialize.c'
'Invoking: CrossCore Blackfin C/C++ Compiler'
ccblkfn.exe -c -file-attr ProjectName="Escenario_1_Core1" -proc ADSP-BF609 -flags-compiler --no_wrap_diagnostics -si-revision 0.0 -g -DCORE1 -D_DEBUG -DADI_MCAPI -I"C:\Users\Usuario\Music\PG\Demo_1\Escenario_1_Core1\system" -I"C:/Analog Devices/SoftwareModules/Graphics2D_OGL-BF-Rel3.4.0/Include" -I"C:/Analog Devices/SoftwareModules/VisionAnalyticsToolbox-BF-Rel2.4.0/include" -I"C:\Analog Devices\CrossCore Embedded Studio 1.0.2/Blackfin/lib/src/drivers/source/device_class" -I"C:/Analog Devices/SoftwareModules/ImageProcessingToolbox-BF-Rel2.3.0/Include" -I"C:/Analog Devices/Video_Encoder_EI3_Extender_Board-Rel1.0.1/Video_Encoder_EI3/Blackfin/include" -I"C:/Analog Devices/Camera_EI3_Extender_Board-Rel1.0.1/Camera_EI3/Blackfin/include" -structs-do-not-overlap -no-multiline -warn-protos -double-size-32 -decls-strong -cplbs -gnu-style-dependencies -MD -Mo "system/adi_initialize.d" -o "system/adi_initialize.doj" "../system/adi_initialize.c"
'Finished building: ../system/adi_initialize.c'
' '
'Building file: ../src/Escenario_1_Core1.c'
'Invoking: CrossCore Blackfin C/C++ Compiler'
ccblkfn.exe -c -file-attr ProjectName="Escenario_1_Core1" -proc ADSP-BF609 -flags-compiler --no_wrap_diagnostics -si-revision 0.0 -g -DCORE1 -D_DEBUG -DADI_MCAPI -I"C:\Users\Usuario\Music\PG\Demo_1\Escenario_1_Core1\system" -I"C:/Analog Devices/SoftwareModules/Graphics2D_OGL-BF-Rel3.4.0/Include" -I"C:/Analog Devices/SoftwareModules/VisionAnalyticsToolbox-BF-Rel2.4.0/include" -I"C:\Analog Devices\CrossCore Embedded Studio 1.0.2/Blackfin/lib/src/drivers/source/device_class" -I"C:/Analog Devices/SoftwareModules/ImageProcessingToolbox-BF-Rel2.3.0/Include" -I"C:/Analog Devices/Video_Encoder_EI3_Extender_Board-Rel1.0.1/Video_Encoder_EI3/Blackfin/include" -I"C:/Analog Devices/Camera_EI3_Extender_Board-Rel1.0.1/Camera_EI3/Blackfin/include" -structs-do-not-overlap -no-multiline -warn-protos -double-size-32 -decls-strong -cplbs -gnu-style-dependencies -MD -Mo "src/Escenario_1_Core1.d" -o "src/Escenario_1_Core1.doj" "../src/Escenario_1_Core1.c"
'Finished building: ../src/Escenario_1_Core1.c'
' '
'Building target: Escenario_1_Core1.dxe'
'Invoking: CrossCore Blackfin Linker'
ccblkfn.exe -proc ADSP-BF609 -si-revision 0.0 -TC:/Users/Usuario/Music/PG/Demo_1/Escenario_1_Core1/system/startup_ldf/app.ldf -no-mem -LC:/Analog\ Devices/SoftwareModules/Graphics2D_OGL-BF-Rel3.4.0/Lib-Production-CCES -LC:/Analog\ Devices/SoftwareModules/VisionAnalyticsToolbox-BF-Rel2.4.0/src/Build-CCES -LC:/Analog\ Devices/SoftwareModules/VisionAnalyticsToolbox-BF-Rel2.4.0/Lib-Production-CCES -LC:/Users/Usuario/Music/PG/Demo_1/Escenario_1_Core1/Debug/system/startup_ldf -LC:/Analog\ Devices/SoftwareModules/ImageProcessingToolbox-BF-Rel2.3.0/Lib-Production-CCES -flags-link -MDCORE1,-MDOTHERCORE,-MDDEBUG,-MDADI_MCAPI -add-debug-libpaths -flags-link libadi_graphics2d.dlb, -flags-link libadi_vat_bf.dlb, -flags-link libadi_image_tool_box_cces.dlb -o Escenario_1_Core1.dxe  ./system/startup_ldf/app_cplbtab.doj ./system/startup_ldf/app_handler_table.doj ./system/startup_ldf/app_heaptab.doj ./system/startup_ldf/app_startup.doj  ./system/pinmux/GeneratedSources/pinmux_config.doj  ./system/mcapi/GeneratedSources/mcapi_config.doj  ./system/drivers/device_class/video/queue_mgr/adi_dev_video_queue.doj  ./system/drivers/device_class/video/adi_dev_video_manager.doj  ./system/drivers/device_class/adi_dev_class.doj  ./system/Video_Encoder_EI3/Blackfin/src/drivers/encoder/adv7511/adi_adv7511.doj  ./system/Camera_EI3/drivers/sensor/aptina/mt9m114/adi_mt9m114.doj  ./system/adi_initialize.doj  ./src/Escenario_1_Core1.doj   ../system/startup_ldf/app.ldf   -flags-link -od,.\.
'Finished building target: Escenario_1_Core1.dxe'
' '

**** Build Finished ****
