\BOOKMARK [1][-]{Indice General.1}{Indice General}{}
\BOOKMARK [0][-]{section*.6}{\315ndice de figuras}{}
\BOOKMARK [0][-]{section*.8}{\315ndice de tablas}{}
\BOOKMARK [0][-]{chapter*.9}{Revisar}{}
\BOOKMARK [0][-]{chapter*.10}{Lista de s\355mbolos y abreviaciones}{}
\BOOKMARK [0][-]{chapter.1}{1 Introducci\363n}{}
\BOOKMARK [1][-]{section.1.1}{1.1 Objetivos y estructura del documento}{chapter.1}
\BOOKMARK [0][-]{chapter.2}{2 Marco te\363rico}{}
\BOOKMARK [1][-]{section.2.1}{2.1 Espacios de Color}{chapter.2}
\BOOKMARK [2][-]{subsection.2.1.1}{2.1.1 Transformaci\363n RGB - YUV}{section.2.1}
\BOOKMARK [2][-]{subsection.2.1.2}{2.1.2 Transformaci\363n RGB - HSI}{section.2.1}
\BOOKMARK [1][-]{section.2.2}{2.2 Algoritmo de Canny}{chapter.2}
\BOOKMARK [2][-]{subsection.2.2.1}{2.2.1 Obtenci\363n del gradiente}{section.2.2}
\BOOKMARK [2][-]{subsection.2.2.2}{2.2.2 Supresi\363n no m\341xima}{section.2.2}
\BOOKMARK [2][-]{subsection.2.2.3}{2.2.3 Hist\351resis de umbral}{section.2.2}
\BOOKMARK [1][-]{section.2.3}{2.3 Transformada de Hough}{chapter.2}
\BOOKMARK [2][-]{subsection.2.3.1}{2.3.1 Transformaci\363n lineal}{section.2.3}
\BOOKMARK [2][-]{subsection.2.3.2}{2.3.2 Transformaci\363n circular}{section.2.3}
\BOOKMARK [1][-]{section.2.4}{2.4 Procesador Blackfin BF609}{chapter.2}
\BOOKMARK [2][-]{subsection.2.4.1}{2.4.1 Estructura}{section.2.4}
\BOOKMARK [0][-]{chapter.3}{3 Soluci\363n propuesta}{}
\BOOKMARK [0][-]{chapter.4}{4 Resultados y an\341lisis}{}
\BOOKMARK [0][-]{chapter.5}{5 Conclusiones}{}
\BOOKMARK [0][-]{section*.13}{Bibliograf\355a}{}
\BOOKMARK [0][-]{appendix.A}{A Demostraci\363n del teorema de Nyquist}{}
\BOOKMARK [0][-]{section*.14}{\315ndice alfab\351tico}{}
